2022-03-28 10:59:04.839+0000 WARN  [o.n.k.i.JvmChecker] The max heap memory has not been configured. It is recommended that it is always explicitly configured, to ensure the system has a balanced configuration. Until then, a JVM computed heuristic of 1031798784 bytes is used instead. If you are running neo4j server, you need to configure dbms.memory.heap.max_size in neo4j.conf. If you are running neo4j embedded, you have to launch the JVM with -Xmx set to a value. You can run neo4j-admin memrec for memory configuration suggestions.
2022-03-28 10:59:04.840+0000 WARN  [o.n.k.i.JvmChecker] The initial heap memory has not been configured. It is recommended that it is always explicitly configured, to ensure the system has a balanced configuration. Until then, a JVM computed heuristic of 65011712 bytes is used instead. If you are running neo4j server, you need to configure dbms.memory.heap.initial_size in neo4j.conf. If you are running neo4j embedded, you have to launch the JVM with -Xms set to a value. You can run neo4j-admin memrec for memory configuration suggestions.
2022-03-28 10:59:04.985+0000 INFO  [o.n.i.d.DiagnosticsManager] 
                                                                ********************************************************************************
                                                                                             [ System diagnostics ]                             
                                                                ********************************************************************************
                                                                --------------------------------------------------------------------------------
                                                                                         [ System memory information ]                          
                                                                --------------------------------------------------------------------------------
                                                                Total Physical memory: 3.841GiB
                                                                Free Physical memory: 1.372GiB
                                                                Committed virtual memory: 3.886GiB
                                                                Total swap space: 1024MiB
                                                                Free swap space: 1024MiB
                                                                
                                                                --------------------------------------------------------------------------------
                                                                                           [ JVM memory information ]                           
                                                                --------------------------------------------------------------------------------
                                                                Free  memory: 188.8MiB
                                                                Total memory: 219.0MiB
                                                                Max   memory: 984.0MiB
                                                                Garbage Collector: G1 Young Generation: [G1 Eden Space, G1 Survivor Space, G1 Old Gen]
                                                                Garbage Collector: G1 Old Generation: [G1 Eden Space, G1 Survivor Space, G1 Old Gen]
                                                                Memory Pool: CodeHeap 'non-nmethods' (Non-heap memory): committed=2.438MiB, used=1.198MiB, max=5.563MiB, threshold=0B
                                                                Memory Pool: Metaspace (Non-heap memory): committed=21.75MiB, used=20.76MiB, max=-1B, threshold=0B
                                                                Memory Pool: CodeHeap 'profiled nmethods' (Non-heap memory): committed=5.375MiB, used=5.323MiB, max=117.2MiB, threshold=0B
                                                                Memory Pool: Compressed Class Space (Non-heap memory): committed=2.824MiB, used=2.463MiB, max=1.000GiB, threshold=0B
                                                                Memory Pool: G1 Eden Space (Heap memory): committed=98.00MiB, used=2.000MiB, max=-1B, threshold=?
                                                                Memory Pool: G1 Old Gen (Heap memory): committed=117.0MiB, used=22.72MiB, max=984.0MiB, threshold=0B
                                                                Memory Pool: G1 Survivor Space (Heap memory): committed=4.000MiB, used=4.000MiB, max=-1B, threshold=?
                                                                Memory Pool: CodeHeap 'non-profiled nmethods' (Non-heap memory): committed=2.438MiB, used=1.445MiB, max=117.2MiB, threshold=0B
                                                                
                                                                --------------------------------------------------------------------------------
                                                                                        [ Operating system information ]                        
                                                                --------------------------------------------------------------------------------
                                                                Operating System: Linux; version: 5.10.104-linuxkit; arch: aarch64; cpus: 4
                                                                Max number of file descriptors: 1048576
                                                                Number of open file descriptors: 176
                                                                Process id: 8
                                                                Byte order: LITTLE_ENDIAN
                                                                Local timezone: Etc/UTC
                                                                
                                                                --------------------------------------------------------------------------------
                                                                                              [ JVM information ]                               
                                                                --------------------------------------------------------------------------------
                                                                VM Name: OpenJDK 64-Bit Server VM
                                                                VM Vendor: Oracle Corporation
                                                                VM Version: 11.0.14.1+1
                                                                JIT compiler: HotSpot 64-Bit Tiered Compilers
                                                                VM Arguments: [-XX:+UseG1GC, -XX:-OmitStackTraceInFastThrow, -XX:+AlwaysPreTouch, -XX:+UnlockExperimentalVMOptions, -XX:+TrustFinalNonStaticFields, -XX:+DisableExplicitGC, -XX:MaxInlineLevel=15, -XX:-UseBiasedLocking, -Djdk.nio.maxCachedBufferSize=262144, -Dio.netty.tryReflectionSetAccessible=true, -Djdk.tls.ephemeralDHKeySize=2048, -Djdk.tls.rejectClientInitiatedRenegotiation=true, -XX:FlightRecorderOptions=stackdepth=256, -XX:+UnlockDiagnosticVMOptions, -XX:+DebugNonSafepoints, -Dlog4j2.disable.jmx=true, -Dfile.encoding=UTF-8]
                                                                
                                                                --------------------------------------------------------------------------------
                                                                                               [ Java classpath ]                               
                                                                --------------------------------------------------------------------------------
                                                                 [classpath] /var/lib/neo4j/lib/parboiled-core-1.2.0.jar
                                                                 [classpath] /var/lib/neo4j/lib/jetty-io-9.4.43.v20210629.jar
                                                                 [classpath] /var/lib/neo4j/lib/bcpkix-jdk15on-1.69.jar
                                                                 [classpath] /var/lib/neo4j/lib/neo4j-cypher-macros-4.4.5.jar
                                                                 [classpath] /var/lib/neo4j/lib/jamm-0.3.3.jar
                                                                 [classpath] /var/lib/neo4j/lib/cypher-ast-factory-4.4.5.jar
                                                                 [classpath] /var/lib/neo4j/lib/jetty-servlet-9.4.43.v20210629.jar
                                                                 [classpath] /var/lib/neo4j/lib/neo4j-index-4.4.5.jar
                                                                 [classpath] /var/lib/neo4j/lib/jakarta.activation-api-1.2.1.jar
                                                                 [classpath] /var/lib/neo4j/lib/jackson-annotations-2.12.4.jar
                                                                 [classpath] /var/lib/neo4j/lib/scala-library-2.12.13.jar
                                                                 [classpath] /var/lib/neo4j/lib/jPowerShell-3.0.jar
                                                                 [classpath] /var/lib/neo4j/lib/slf4j-api-1.7.30.jar
                                                                 [classpath] /var/lib/neo4j/lib/picocli-4.6.1.jar
                                                                 [classpath] /var/lib/neo4j/lib/jaxb-runtime-2.3.2.jar
                                                                 [classpath] /var/lib/neo4j/lib/lucene-core-8.9.0.jar
                                                                 [classpath] /var/lib/neo4j/lib/magnolia_2.12-0.17.0.jar
                                                                 [classpath] /var/lib/neo4j/lib/jettison-1.4.1.jar
                                                                 [classpath] /var/lib/neo4j/lib/jackson-jaxrs-json-provider-2.12.4.jar
                                                                 [classpath] /var/lib/neo4j/lib/neo4j-storage-engine-util-4.4.5.jar
                                                                 [classpath] /var/lib/neo4j/lib/netty-transport-4.1.73.Final.jar
                                                                 [classpath] /var/lib/neo4j/lib/javassist-3.25.0-GA.jar
                                                                 [classpath] /var/lib/neo4j/lib/netty-codec-4.1.73.Final.jar
                                                                 [classpath] /var/lib/neo4j/lib/neo4j-graphdb-api-4.4.5.jar
                                                                 [classpath] /var/lib/neo4j/lib/neo4j-id-generator-4.4.5.jar
                                                                 [classpath] /var/lib/neo4j/lib/jetty-http-9.4.43.v20210629.jar
                                                                 [classpath] /var/lib/neo4j/lib/neo4j-util-4.4.5.jar
                                                                 [classpath] /var/lib/neo4j/lib/jersey-container-servlet-2.34.jar
                                                                 [classpath] /var/lib/neo4j/lib/eclipse-collections-api-10.4.0.jar
                                                                 [classpath] /var/lib/neo4j/lib/neo4j-collections-4.4.5.jar
                                                                 [classpath] /var/lib/neo4j/lib/netty-tcnative-classes-2.0.46.Final.jar
                                                                 [classpath] /var/lib/neo4j/lib/neo4j-buffers-4.4.5.jar
                                                                 [classpath] /var/lib/neo4j/conf/*
                                                                 [classpath] /var/lib/neo4j/lib/reactor-core-3.4.11.jar
                                                                 [classpath] /var/lib/neo4j/lib/neo4j-lock-4.4.5.jar
                                                                 [classpath] /var/lib/neo4j/lib/neo4j-lucene-index-4.4.5.jar
                                                                 [classpath] /var/lib/neo4j/lib/neo4j-command-line-4.4.5.jar
                                                                 [classpath] /var/lib/neo4j/lib/WMI4Java-1.6.3.jar
                                                                 [classpath] /var/lib/neo4j/lib/neo4j-token-api-4.4.5.jar
                                                                 [classpath] /var/lib/neo4j/lib/jProcesses-1.6.5.jar
                                                                 [classpath] /var/lib/neo4j/lib/neo4j-cypher-runtime-util-4.4.5.jar
                                                                 [classpath] /var/lib/neo4j/lib/commons-collections-3.2.2.jar
                                                                 [classpath] /var/lib/neo4j/lib/netty-transport-native-epoll-4.1.73.Final-linux-x86_64.jar
                                                                 [classpath] /var/lib/neo4j/lib/hk2-locator-2.6.1.jar
                                                                 [classpath] /var/lib/neo4j/lib/jersey-common-2.34.jar
                                                                 [classpath] /var/lib/neo4j/lib/neo4j-security-4.4.5.jar
                                                                 [classpath] /var/lib/neo4j/lib/netty-handler-4.1.73.Final.jar
                                                                 [classpath] /var/lib/neo4j/lib/shiro-config-ogdl-1.8.0.jar
                                                                 [classpath] /var/lib/neo4j/lib/neo4j-ast-4.4.5.jar
                                                                 [classpath] /var/lib/neo4j/lib/neo4j-schema-4.4.5.jar
                                                                 [classpath] /var/lib/neo4j/lib/lucene-queryparser-8.9.0.jar
                                                                 [classpath] /var/lib/neo4j/lib/neo4j-fulltext-index-4.4.5.jar
                                                                 [classpath] /var/lib/neo4j/lib/neo4j-expressions-4.4.5.jar
                                                                 [classpath] /var/lib/neo4j/lib/neo4j-ssl-4.4.5.jar
                                                                 [classpath] /var/lib/neo4j/lib/jetty-server-9.4.43.v20210629.jar
                                                                 [classpath] /var/lib/neo4j/lib/jersey-container-servlet-core-2.34.jar
                                                                 [classpath] /var/lib/neo4j/lib/netty-codec-http-4.1.73.Final.jar
                                                                 [classpath] /var/lib/neo4j/lib/javax.ws.rs-api-2.1.1.jar
                                                                 [classpath] /var/lib/neo4j/lib/jackson-module-jaxb-annotations-2.12.4.jar
                                                                 [classpath] /var/lib/neo4j/lib/neo4j-cypher-expression-evaluator-4.4.5.jar
                                                                 [classpath] /var/lib/neo4j/lib/commons-compress-1.21.jar
                                                                 [classpath] /var/lib/neo4j/lib/neo4j-concurrent-4.4.5.jar
                                                                 [classpath] /var/lib/neo4j/lib/neo4j-batch-insert-4.4.5.jar
                                                                 [classpath] /var/lib/neo4j/lib/lucene-analyzers-common-8.9.0.jar
                                                                 [classpath] /var/lib/neo4j/lib/neo4j-parser-4.4.5.jar
                                                                 [classpath] /var/lib/neo4j/lib/neo4j-layout-4.4.5.jar
                                                                 [classpath] /var/lib/neo4j/lib/jctools-core-3.3.0.jar
                                                                 [classpath] /var/lib/neo4j/lib/neo4j-cypher-4.4.5.jar
                                                                 [classpath] /var/lib/neo4j/lib/neo4j-import-util-4.4.5.jar
                                                                 [classpath] /var/lib/neo4j/lib/neo4j-resource-4.4.5.jar
                                                                 [classpath] /var/lib/neo4j/lib/netty-transport-native-unix-common-4.1.73.Final.jar
                                                                 [classpath] /var/lib/neo4j/lib/zstd-proxy-4.4.5.jar
                                                                 [classpath] /var/lib/neo4j/lib/neo4j-diagnostics-4.4.5.jar
                                                                 [classpath] /var/lib/neo4j/lib/neo4j-front-end-4.4.5.jar
                                                                 [classpath] /var/lib/neo4j/lib/jakarta.ws.rs-api-2.1.6.jar
                                                                 [classpath] /var/lib/neo4j/lib/neo4j-server-4.4.5.jar
                                                                 [classpath] /var/lib/neo4j/lib/shiro-crypto-hash-1.8.0.jar
                                                                 [classpath] /var/lib/neo4j/lib/hk2-api-2.6.1.jar
                                                                 [classpath] /var/lib/neo4j/lib/netty-transport-classes-epoll-4.1.73.Final.jar
                                                                 [classpath] /var/lib/neo4j/lib/neo4j-codegen-4.4.5.jar
                                                                 [classpath] /var/lib/neo4j/lib/parboiled-scala_2.12-1.2.0.jar
                                                                 [classpath] /var/lib/neo4j/lib/zstd-jni-1.5.0-4.jar
                                                                 [classpath] /var/lib/neo4j/lib/scala-reflect-2.12.13.jar
                                                                 [classpath] /var/lib/neo4j/lib/istack-commons-runtime-3.0.8.jar
                                                                 [classpath] /var/lib/neo4j/lib/neo4j-cypher-config-4.4.5.jar
                                                                 [classpath] /var/lib/neo4j/lib/neo4j-logging-4.4.5.jar
                                                                 [classpath] /var/lib/neo4j/lib/neo4j-cypher-ir-4.4.5.jar
                                                                 [classpath] /var/lib/neo4j/lib/commons-io-2.11.0.jar
                                                                 [classpath] /var/lib/neo4j/lib/neo4j-wal-4.4.5.jar
                                                                 [classpath] /var/lib/neo4j/lib/neo4j-bolt-4.4.5.jar
                                                                 [classpath] /var/lib/neo4j/lib/caffeine-3.0.3.jar
                                                                 [classpath] /var/lib/neo4j/lib/reactive-streams-1.0.3.jar
                                                                 [classpath] /var/lib/neo4j/lib/server-api-4.4.5.jar
                                                                 [classpath] /var/lib/neo4j/lib/shiro-config-core-1.8.0.jar
                                                                 [classpath] /var/lib/neo4j/lib/slf4j-nop-1.7.30.jar
                                                                 [classpath] /var/lib/neo4j/lib/shiro-crypto-core-1.8.0.jar
                                                                 [classpath] /var/lib/neo4j/lib/jackson-core-2.12.4.jar
                                                                 [classpath] /var/lib/neo4j/lib/shiro-cache-1.8.0.jar
                                                                 [classpath] /var/lib/neo4j/lib/jackson-databind-2.12.4.jar
                                                                 [classpath] /var/lib/neo4j/lib/netty-resolver-4.1.73.Final.jar
                                                                 [classpath] /var/lib/neo4j/lib/jakarta.validation-api-2.0.2.jar
                                                                 [classpath] /var/lib/neo4j/lib/jetty-security-9.4.43.v20210629.jar
                                                                 [classpath] /var/lib/neo4j/lib/shiro-lang-1.8.0.jar
                                                                 [classpath] /var/lib/neo4j/lib/shiro-core-1.8.0.jar
                                                                 [classpath] /var/lib/neo4j/lib/neo4j-cypher-planner-4.4.5.jar
                                                                 [classpath] /var/lib/neo4j/lib/neo4j-consistency-check-4.4.5.jar
                                                                 [classpath] /var/lib/neo4j/lib/bcprov-jdk15on-1.69.jar
                                                                 [classpath] /var/lib/neo4j/lib/jakarta.inject-2.6.1.jar
                                                                 [classpath] /var/lib/neo4j/lib/hk2-utils-2.6.1.jar
                                                                 [classpath] /var/lib/neo4j/lib/stax-ex-1.8.1.jar
                                                                 [classpath] /var/lib/neo4j/lib/neo4j-cypher-interpreted-runtime-4.4.5.jar
                                                                 [classpath] /var/lib/neo4j/lib/txw2-2.3.2.jar
                                                                 [classpath] /var/lib/neo4j/lib/neo4j-capabilities-4.4.5.jar
                                                                 [classpath] /var/lib/neo4j/lib/shiro-crypto-cipher-1.8.0.jar
                                                                 [classpath] /var/lib/neo4j/lib/jetty-xml-9.4.43.v20210629.jar
                                                                 [classpath] /var/lib/neo4j/lib/ipaddress-5.3.3.jar
                                                                 [classpath] /var/lib/neo4j/lib/neo4j-browser-4.4.3.jar
                                                                 [classpath] /var/lib/neo4j/lib/jackson-jaxrs-base-2.12.4.jar
                                                                 [classpath] /var/lib/neo4j/lib/jetty-util-9.4.43.v20210629.jar
                                                                 [classpath] /var/lib/neo4j/lib/FastInfoset-1.2.16.jar
                                                                 [classpath] /var/lib/neo4j/lib/neo4j-csv-4.4.5.jar
                                                                 [classpath] /var/lib/neo4j/lib/commons-logging-1.2.jar
                                                                 [classpath] /var/lib/neo4j/lib/neo4j-import-tool-4.4.5.jar
                                                                 [classpath] /var/lib/neo4j/lib/neo4j-monitoring-4.4.5.jar
                                                                 [classpath] /var/lib/neo4j/lib/neo4j-native-4.4.5.jar
                                                                 [classpath] /var/lib/neo4j/lib/annotations-4.4.5.jar
                                                                 [classpath] /var/lib/neo4j/lib/neo4j-cypher-logical-plans-4.4.5.jar
                                                                 [classpath] /var/lib/neo4j/lib/netty-buffer-4.1.73.Final.jar
                                                                 [classpath] /var/lib/neo4j/lib/neo4j-cypher-javacc-parser-4.4.5.jar
                                                                 [classpath] /var/lib/neo4j/lib/jna-5.9.0.jar
                                                                 [classpath] /var/lib/neo4j/lib/lucene-backward-codecs-8.9.0.jar
                                                                 [classpath] /var/lib/neo4j/lib/eclipse-collections-10.4.0.jar
                                                                 [classpath] /var/lib/neo4j/lib/neo4j-kernel-4.4.5.jar
                                                                 [classpath] /var/lib/neo4j/lib/jetty-webapp-9.4.43.v20210629.jar
                                                                 [classpath] /var/lib/neo4j/lib/neo4j-cypher-ast-factory-4.4.5.jar
                                                                 [classpath] /var/lib/neo4j/lib/neo4j-procedure-4.4.5.jar
                                                                 [classpath] /var/lib/neo4j/lib/jakarta.annotation-api-1.3.5.jar
                                                                 [classpath] /var/lib/neo4j/lib/jaxb-api-2.3.0.jar
                                                                 [classpath] /var/lib/neo4j/lib/neo4j-kernel-api-4.4.5.jar
                                                                 [classpath] /var/lib/neo4j/lib/neo4j-push-to-cloud-4.4.5.jar
                                                                 [classpath] /var/lib/neo4j/lib/neo4j-unsafe-4.4.5.jar
                                                                 [classpath] /var/lib/neo4j/lib/neo4j-exceptions-4.4.5.jar
                                                                 [classpath] /var/lib/neo4j/lib/neo4j-spatial-index-4.4.5.jar
                                                                 [classpath] /var/lib/neo4j/lib/commons-lang3-3.12.0.jar
                                                                 [classpath] /var/lib/neo4j/lib/neo4j-configuration-4.4.5.jar
                                                                 [classpath] /var/lib/neo4j/lib/neo4j-procedure-api-4.4.5.jar
                                                                 [classpath] /var/lib/neo4j/lib/bcutil-jdk15on-1.69.jar
                                                                 [classpath] /var/lib/neo4j/lib/netty-transport-native-epoll-4.1.73.Final-linux-aarch_64.jar
                                                                 [classpath] /var/lib/neo4j/lib/neo4j-4.4.5.jar
                                                                 [classpath] /var/lib/neo4j/lib/commons-text-1.9.jar
                                                                 [classpath] /var/lib/neo4j/lib/neo4j-io-4.4.5.jar
                                                                 [classpath] /var/lib/neo4j/lib/neo4j-graph-algo-4.4.5.jar
                                                                 [classpath] /var/lib/neo4j/lib/neo4j-storage-engine-api-4.4.5.jar
                                                                 [classpath] /var/lib/neo4j/lib/shiro-event-1.8.0.jar
                                                                 [classpath] /var/lib/neo4j/lib/javax.servlet-api-3.1.0.jar
                                                                 [classpath] /var/lib/neo4j/lib/neo4j-common-4.4.5.jar
                                                                 [classpath] /var/lib/neo4j/lib/neo4j-fabric-4.4.5.jar
                                                                 [classpath] /var/lib/neo4j/lib/neo4j-dbms-4.4.5.jar
                                                                 [classpath] /var/lib/neo4j/lib/commons-beanutils-1.9.4.jar
                                                                 [classpath] /var/lib/neo4j/lib/jersey-server-2.34.jar
                                                                 [classpath] /var/lib/neo4j/lib/neo4j-cypher-planner-spi-4.4.5.jar
                                                                 [classpath] /var/lib/neo4j/lib/neo4j-values-4.4.5.jar
                                                                 [classpath] /var/lib/neo4j/lib/neo4j-record-storage-engine-4.4.5.jar
                                                                 [classpath] /var/lib/neo4j/lib/netty-common-4.1.73.Final.jar
                                                                 [classpath] /var/lib/neo4j/lib/mercator_2.12-0.2.1.jar
                                                                 [classpath] /var/lib/neo4j/lib/jersey-client-2.34.jar
                                                                 [classpath] /var/lib/neo4j/lib/neo4j-data-collector-4.4.5.jar
                                                                 [classpath] /var/lib/neo4j/lib/neo4j-rewriting-4.4.5.jar
                                                                 [classpath] /var/lib/neo4j/lib/jersey-hk2-2.34.jar
                                                                
                                                                --------------------------------------------------------------------------------
                                                                                                [ Library path ]                                
                                                                --------------------------------------------------------------------------------
                                                                /usr/java/packages/lib
                                                                /lib
                                                                /usr/lib
                                                                /usr/lib64
                                                                /lib64
                                                                
                                                                --------------------------------------------------------------------------------
                                                                                             [ System properties ]                              
                                                                --------------------------------------------------------------------------------
                                                                awt.toolkit = sun.awt.X11.XToolkit
                                                                jdk.tls.rejectClientInitiatedRenegotiation = true
                                                                sun.cpu.isalist = 
                                                                sun.jnu.encoding = UTF-8
                                                                sun.arch.data.model = 64
                                                                user.timezone = Etc/UTC
                                                                sun.java.launcher = SUN_STANDARD
                                                                sun.boot.library.path = /usr/local/openjdk-11/lib
                                                                sun.java.command = org.neo4j.server.CommunityEntryPoint --home-dir=/var/lib/neo4j --config-dir=/var/lib/neo4j/conf
                                                                jdk.debug = release
                                                                sun.cpu.endian = little
                                                                io.netty.tryReflectionSetAccessible = true
                                                                user.home = /var/lib/neo4j
                                                                user.language = en
                                                                file.separator = /
                                                                jdk.tls.ephemeralDHKeySize = 2048
                                                                sun.management.compiler = HotSpot 64-Bit Tiered Compilers
                                                                user.name = neo4j
                                                                path.separator = :
                                                                jdk.nio.maxCachedBufferSize = 262144
                                                                file.encoding = UTF-8
                                                                jnidispatch.path = /var/lib/neo4j/.cache/JNA/temp/jna1725578322190859144.tmp
                                                                jna.loaded = true
                                                                user.dir = /var/lib/neo4j
                                                                sun.os.patch.level = unknown
                                                                sun.io.unicode.encoding = UnicodeLittle
                                                                log4j2.disable.jmx = true
                                                                
                                                                --------------------------------------------------------------------------------
                                                                                      [ (IANA) TimeZone database version ]                      
                                                                --------------------------------------------------------------------------------
                                                                  TimeZone version: 2021e (available for 601 zone identifiers)
                                                                
                                                                --------------------------------------------------------------------------------
                                                                                            [ Network information ]                             
                                                                --------------------------------------------------------------------------------
                                                                Interface eth0:
                                                                    address: 172.17.0.2
                                                                Interface lo:
                                                                    address: 127.0.0.1
                                                                
                                                                --------------------------------------------------------------------------------
                                                                                         [ Native access information ]                          
                                                                --------------------------------------------------------------------------------
                                                                Native access details: Linux native access is available.
                                                                
                                                                --------------------------------------------------------------------------------
                                                                                                [ DBMS config ]                                 
                                                                --------------------------------------------------------------------------------
                                                                DBMS provided settings:
                                                                dbms.connector.bolt.enabled=true
                                                                dbms.connector.http.enabled=true
                                                                dbms.connector.https.enabled=false
                                                                dbms.default_listen_address=0.0.0.0
                                                                dbms.directories.import=/var/lib/neo4j/import
                                                                dbms.directories.logs=/logs
                                                                dbms.directories.neo4j_home=/var/lib/neo4j
                                                                dbms.directories.plugins=/plugins
                                                                dbms.jvm.additional=-XX:+UseG1GC
-XX:-OmitStackTraceInFastThrow
-XX:+AlwaysPreTouch
-XX:+UnlockExperimentalVMOptions
-XX:+TrustFinalNonStaticFields
-XX:+DisableExplicitGC
-XX:MaxInlineLevel=15
-XX:-UseBiasedLocking
-Djdk.nio.maxCachedBufferSize=262144
-Dio.netty.tryReflectionSetAccessible=true
-Djdk.tls.ephemeralDHKeySize=2048
-Djdk.tls.rejectClientInitiatedRenegotiation=true
-XX:FlightRecorderOptions=stackdepth=256
-XX:+UnlockDiagnosticVMOptions
-XX:+DebugNonSafepoints
-Dlog4j2.disable.jmx=true
                                                                dbms.memory.pagecache.size=512M
                                                                dbms.tx_log.rotation.retention_policy=1 days
                                                                dbms.tx_state.memory_allocation=ON_HEAP
                                                                dbms.windows_service_name=neo4j
                                                                
2022-03-28 10:59:05.025+0000 INFO  [o.n.d.i.DefaultIdentityModule] Generated new ServerId: ServerId{695b6cec} (695b6cec-9d16-48dc-8a36-0a01b359a9c0)
2022-03-28 10:59:05.026+0000 INFO  [o.n.d.i.DefaultIdentityModule] This instance is ServerId{695b6cec} (695b6cec-9d16-48dc-8a36-0a01b359a9c0)
2022-03-28 10:59:05.030+0000 INFO  [o.n.g.f.EditionLocksFactories] Locking implementation 'forseti' selected.
2022-03-28 10:59:05.615+0000 INFO  [o.n.s.CommunityNeoWebServer] ======== Neo4j 4.4.5 ========
2022-03-28 10:59:05.623+0000 INFO  [o.n.d.d.DefaultDatabaseManager] Creating 'DatabaseId{00000000[system]}'.
2022-03-28 10:59:05.681+0000 INFO  [o.n.b.BoltServer] Bolt server loaded
2022-03-28 10:59:05.724+0000 INFO  [o.n.d.d.DefaultDatabaseManager] Starting 'DatabaseId{00000000[system]}'.
2022-03-28 10:59:05.768+0000 INFO  [o.n.k.i.s.f.RecordFormatSelector] [system/00000000] Selected format 'RecordFormat:PageAlignedV4_3[AF4.3.0]' for the new store /var/lib/neo4j/data/databases/system
2022-03-28 10:59:06.242+0000 INFO  [o.n.i.d.DiagnosticsManager] [system/00000000] 
                                                                [system/00000000] ********************************************************************************
                                                                [system/00000000]                               [ Database: system ]                              
                                                                [system/00000000] ********************************************************************************
                                                                [system/00000000] --------------------------------------------------------------------------------
                                                                [system/00000000]                                   [ Version ]                                   
                                                                [system/00000000] --------------------------------------------------------------------------------
                                                                [system/00000000] DBMS: community single StoreId{creationTime=1648465146125, randomId=-4078036647856011182, storeVersion=3471768636287762695, upgradeTime=1648465146125, upgradeTxId=1}
                                                                [system/00000000] Kernel version: 4.4.5
                                                                [system/00000000] 
                                                                [system/00000000] --------------------------------------------------------------------------------
                                                                [system/00000000]                                 [ Store files ]                                 
                                                                [system/00000000] --------------------------------------------------------------------------------
                                                                [system/00000000] Disk space on partition (Total / Free / Free %): 994662584320 / 512204353536 / 51
                                                                [system/00000000] Storage files stored on file store: fuse.grpcfuse
                                                                [system/00000000] Storage files: (filename : modification date - size)
                                                                [system/00000000]   neostore: 2022-03-28T10:59:06Z - 8.000KiB
                                                                [system/00000000]   neostore.counts.db: 2022-03-28T10:59:06Z - 40.00KiB
                                                                [system/00000000]   neostore.labeltokenstore.db: 2022-03-28T10:59:06Z - 0B
                                                                [system/00000000]   neostore.labeltokenstore.db.id: 2022-03-28T10:59:06Z - 40.00KiB
                                                                [system/00000000]   neostore.labeltokenstore.db.names: 2022-03-28T10:59:06Z - 8.000KiB
                                                                [system/00000000]   neostore.labeltokenstore.db.names.id: 2022-03-28T10:59:06Z - 40.00KiB
                                                                [system/00000000]   neostore.nodestore.db: 2022-03-28T10:59:05Z - 0B
                                                                [system/00000000]   neostore.nodestore.db.id: 2022-03-28T10:59:05Z - 40.00KiB
                                                                [system/00000000]   neostore.nodestore.db.labels: 2022-03-28T10:59:05Z - 8.000KiB
                                                                [system/00000000]   neostore.nodestore.db.labels.id: 2022-03-28T10:59:05Z - 40.00KiB
                                                                [system/00000000]   neostore.propertystore.db: 2022-03-28T10:59:06Z - 0B
                                                                [system/00000000]   neostore.propertystore.db.arrays: 2022-03-28T10:59:06Z - 8.000KiB
                                                                [system/00000000]   neostore.propertystore.db.arrays.id: 2022-03-28T10:59:06Z - 40.00KiB
                                                                [system/00000000]   neostore.propertystore.db.id: 2022-03-28T10:59:06Z - 40.00KiB
                                                                [system/00000000]   neostore.propertystore.db.index: 2022-03-28T10:59:05Z - 0B
                                                                [system/00000000]   neostore.propertystore.db.index.id: 2022-03-28T10:59:05Z - 40.00KiB
                                                                [system/00000000]   neostore.propertystore.db.index.keys: 2022-03-28T10:59:05Z - 8.000KiB
                                                                [system/00000000]   neostore.propertystore.db.index.keys.id: 2022-03-28T10:59:05Z - 40.00KiB
                                                                [system/00000000]   neostore.propertystore.db.strings: 2022-03-28T10:59:06Z - 8.000KiB
                                                                [system/00000000]   neostore.propertystore.db.strings.id: 2022-03-28T10:59:06Z - 40.00KiB
                                                                [system/00000000]   neostore.relationshipgroupstore.db: 2022-03-28T10:59:06Z - 8.000KiB
                                                                [system/00000000]   neostore.relationshipgroupstore.db.id: 2022-03-28T10:59:06Z - 40.00KiB
                                                                [system/00000000]   neostore.relationshipgroupstore.degrees.db: 2022-03-28T10:59:06Z - 40.00KiB
                                                                [system/00000000]   neostore.relationshipstore.db: 2022-03-28T10:59:06Z - 0B
                                                                [system/00000000]   neostore.relationshipstore.db.id: 2022-03-28T10:59:06Z - 40.00KiB
                                                                [system/00000000]   neostore.relationshiptypestore.db: 2022-03-28T10:59:06Z - 0B
                                                                [system/00000000]   neostore.relationshiptypestore.db.id: 2022-03-28T10:59:06Z - 40.00KiB
                                                                [system/00000000]   neostore.relationshiptypestore.db.names: 2022-03-28T10:59:06Z - 8.000KiB
                                                                [system/00000000]   neostore.relationshiptypestore.db.names.id: 2022-03-28T10:59:06Z - 40.00KiB
                                                                [system/00000000]   neostore.schemastore.db: 2022-03-28T10:59:06Z - 8.000KiB
                                                                [system/00000000]   neostore.schemastore.db.id: 2022-03-28T10:59:06Z - 40.00KiB
                                                                [system/00000000] Storage summary: 
                                                                [system/00000000]   Total size of store: 712.0KiB
                                                                [system/00000000]   Total size of mapped files: 72.00KiB
                                                                [system/00000000] 
                                                                [system/00000000] --------------------------------------------------------------------------------
                                                                [system/00000000]                               [ Transaction log ]                               
                                                                [system/00000000] --------------------------------------------------------------------------------
                                                                [system/00000000] Transaction log files stored on file store: fuse.grpcfuse
                                                                [system/00000000] Transaction log files:
                                                                [system/00000000]  - existing transaction log versions -1--1
                                                                [system/00000000]  - no transactions found
                                                                [system/00000000] Checkpoint log files:
                                                                [system/00000000]  - existing checkpoint log versions -1--1
                                                                [system/00000000]  - no checkpoints found
                                                                [system/00000000] 
                                                                [system/00000000] --------------------------------------------------------------------------------
                                                                [system/00000000]                                   [ Id usage ]                                  
                                                                [system/00000000] --------------------------------------------------------------------------------
                                                                [system/00000000] ArrayPropertyStore[neostore.nodestore.db.labels]: used=1 high=0
                                                                [system/00000000] NodeStore[neostore.nodestore.db]: used=0 high=-1
                                                                [system/00000000] StringPropertyStore[neostore.propertystore.db.index.keys]: used=1 high=0
                                                                [system/00000000] PropertyIndexStore[neostore.propertystore.db.index]: used=0 high=-1
                                                                [system/00000000] StringPropertyStore[neostore.propertystore.db.strings]: used=1 high=0
                                                                [system/00000000] ArrayPropertyStore[neostore.propertystore.db.arrays]: used=1 high=0
                                                                [system/00000000] PropertyStore[neostore.propertystore.db]: used=0 high=-1
                                                                [system/00000000] RelationshipStore[neostore.relationshipstore.db]: used=0 high=-1
                                                                [system/00000000] StringPropertyStore[neostore.relationshiptypestore.db.names]: used=1 high=0
                                                                [system/00000000] RelationshipTypeStore[neostore.relationshiptypestore.db]: used=0 high=-1
                                                                [system/00000000] StringPropertyStore[neostore.labeltokenstore.db.names]: used=1 high=0
                                                                [system/00000000] LabelTokenStore[neostore.labeltokenstore.db]: used=0 high=-1
                                                                [system/00000000] SchemaStore[neostore.schemastore.db]: used=1 high=0
                                                                [system/00000000] RelationshipGroupStore[neostore.relationshipgroupstore.db]: used=1 high=0
                                                                [system/00000000] NeoStore[neostore]: used=-1 high=-1
                                                                [system/00000000] 
                                                                [system/00000000] --------------------------------------------------------------------------------
                                                                [system/00000000]                               [ Neostore records ]                              
                                                                [system/00000000] --------------------------------------------------------------------------------
                                                                [system/00000000] TIME (Creation time): 1648465146125
                                                                [system/00000000] RANDOM_NUMBER (Random number for store id): -4078036647856011182
                                                                [system/00000000] LOG_VERSION (Current log version): 0
                                                                [system/00000000] LAST_TRANSACTION_ID (Last committed transaction): 1
                                                                [system/00000000] STORE_VERSION (Store format version): 3471768636287762695 (AF4.3.0)
                                                                [system/00000000] FIRST_GRAPH_PROPERTY (First property record containing graph properties): -1
                                                                [system/00000000] LAST_CONSTRAINT_TRANSACTION (Last committed transaction containing constraint changes): 0
                                                                [system/00000000] UPGRADE_TRANSACTION_ID (Transaction id most recent upgrade was performed at): 1
                                                                [system/00000000] UPGRADE_TIME (Time of last upgrade): 1648465146125
                                                                [system/00000000] LAST_TRANSACTION_CHECKSUM (Checksum of last committed transaction): -559063315
                                                                [system/00000000] UPGRADE_TRANSACTION_CHECKSUM (Checksum of transaction id the most recent upgrade was performed at): -559063315
                                                                [system/00000000] LAST_CLOSED_TRANSACTION_LOG_VERSION (Log version where the last transaction commit entry has been written into): 0
                                                                [system/00000000] LAST_CLOSED_TRANSACTION_LOG_BYTE_OFFSET (Byte offset in the log file where the last transaction commit entry has been written into): 64
                                                                [system/00000000] LAST_TRANSACTION_COMMIT_TIMESTAMP (Commit time timestamp for last committed transaction): 0
                                                                [system/00000000] UPGRADE_TRANSACTION_COMMIT_TIMESTAMP (Commit timestamp of transaction the most recent upgrade was performed at): 0
                                                                [system/00000000] LAST_MISSING_STORE_FILES_RECOVERY_TIMESTAMP (Timestamp of last attempt to perform a recovery on the store with missing files.): -1
                                                                [system/00000000] EXTERNAL_STORE_UUID_MOST_SIGN_BITS (Database identifier exposed as external store identity. Generated on creation and never updated. Most significant bits.): 8348983954762321419
                                                                [system/00000000] EXTERNAL_STORE_UUID_LEAST_SIGN_BITS (Database identifier exposed as external store identity. Generated on creation and never updated. Least significant bits): -4957391083855884960
                                                                [system/00000000] CHECKPOINT_LOG_VERSION (Current checkpoint log version): 0
                                                                [system/00000000] KERNEL_VERSION (The kernel version (also transaction log version) that is currently being used when writing new transactions): 4
                                                                [system/00000000] DATABASE_ID_MOST_SIGN_BITS (The last used DatabaseId for this database. Most significant bits): -9223372036854775808
                                                                [system/00000000] DATABASE_ID_LEAST_SIGN_BITS (The last used DatabaseId for this database. Least significant bits): -9223372036854775808
                                                                [system/00000000] 
                                                                [system/00000000] --------------------------------------------------------------------------------
                                                                [system/00000000]                                [ Store versions ]                               
                                                                [system/00000000] --------------------------------------------------------------------------------
                                                                [system/00000000] ArrayPropertyStore[neostore.nodestore.db.labels] AF4.3.0
                                                                [system/00000000] NodeStore[neostore.nodestore.db] AF4.3.0
                                                                [system/00000000] StringPropertyStore[neostore.propertystore.db.index.keys] AF4.3.0
                                                                [system/00000000] PropertyIndexStore[neostore.propertystore.db.index] AF4.3.0
                                                                [system/00000000] StringPropertyStore[neostore.propertystore.db.strings] AF4.3.0
                                                                [system/00000000] ArrayPropertyStore[neostore.propertystore.db.arrays] AF4.3.0
                                                                [system/00000000] PropertyStore[neostore.propertystore.db] AF4.3.0
                                                                [system/00000000] RelationshipStore[neostore.relationshipstore.db] AF4.3.0
                                                                [system/00000000] StringPropertyStore[neostore.relationshiptypestore.db.names] AF4.3.0
                                                                [system/00000000] RelationshipTypeStore[neostore.relationshiptypestore.db] AF4.3.0
                                                                [system/00000000] StringPropertyStore[neostore.labeltokenstore.db.names] AF4.3.0
                                                                [system/00000000] LabelTokenStore[neostore.labeltokenstore.db] AF4.3.0
                                                                [system/00000000] SchemaStore[neostore.schemastore.db] AF4.3.0
                                                                [system/00000000] RelationshipGroupStore[neostore.relationshipgroupstore.db] AF4.3.0
                                                                [system/00000000] NeoStore[neostore] AF4.3.0
                                                                [system/00000000] 
2022-03-28 10:59:06.260+0000 INFO  [o.n.k.a.DatabaseAvailabilityGuard] [system/00000000] Requirement `Database unavailable` makes database system unavailable.
2022-03-28 10:59:06.261+0000 INFO  [o.n.k.a.DatabaseAvailabilityGuard] [system/00000000] DatabaseId{00000000[system]} is unavailable.
2022-03-28 10:59:06.309+0000 WARN  [o.n.k.i.s.MetaDataStore] [system/00000000] Missing counts store, rebuilding it.
2022-03-28 10:59:06.313+0000 WARN  [o.n.k.i.s.MetaDataStore] [system/00000000] Counts store rebuild completed.
2022-03-28 10:59:06.329+0000 INFO  [o.n.k.d.Database] [system/00000000] Starting transaction log [/var/lib/neo4j/data/transactions/system/neostore.transaction.db.0] at version=0
2022-03-28 10:59:06.341+0000 INFO  [o.n.k.d.Database] [system/00000000] Starting transaction log [/var/lib/neo4j/data/transactions/system/checkpoint.0] at version=0
2022-03-28 10:59:06.366+0000 INFO  [o.n.k.a.DatabaseAvailabilityGuard] [system/00000000] Fulfilling of requirement 'Database unavailable' makes database system available.
2022-03-28 10:59:06.367+0000 INFO  [o.n.k.a.DatabaseAvailabilityGuard] [system/00000000] DatabaseId{00000000[system]} is ready.
2022-03-28 10:59:06.369+0000 INFO  [o.n.m.DatabaseHealth] [system/00000000] Database health set to OK
2022-03-28 10:59:06.511+0000 INFO  [o.n.k.i.a.i.IndexPopulationJob] [system/00000000] Index population started: [Index( id=1, name='index_343aff4e', type='TOKEN LOOKUP', schema=(:<any-labels>), indexProvider='token-lookup-1.0' )]
2022-03-28 10:59:06.549+0000 INFO  [o.n.k.i.a.i.IndexPopulationJob] [system/00000000] Completed node store scan. Flushing all pending updates.
MultipleIndexPopulator{activeTasks=0, batchedUpdatesFromScan = [org.neo4j.kernel.impl.api.index.MultipleIndexPopulator$IndexPopulation@1d2d4d7a], concurrentUpdateQueue = 0}
2022-03-28 10:59:06.554+0000 INFO  [o.n.k.i.a.i.IndexPopulationJob] [system/00000000] Index creation finished for index [Index( id=1, name='index_343aff4e', type='TOKEN LOOKUP', schema=(:<any-labels>), indexProvider='token-lookup-1.0' )].
2022-03-28 10:59:06.563+0000 INFO  [o.n.k.i.a.i.IndexPopulationJob] [system/00000000] TIME/PHASE Final: SCAN[totalTime=0ns], FLIP[totalTime=11ms]
2022-03-28 10:59:06.564+0000 INFO  [o.n.k.i.a.i.IndexPopulationJob] [system/00000000] Index population started: [Index( id=2, name='index_f7700477', type='TOKEN LOOKUP', schema=-[:<any-types>]-, indexProvider='token-lookup-1.0' )]
2022-03-28 10:59:06.584+0000 INFO  [o.n.k.i.a.i.IndexPopulationJob] [system/00000000] Completed relationship store scan. Flushing all pending updates.
MultipleIndexPopulator{activeTasks=0, batchedUpdatesFromScan = [org.neo4j.kernel.impl.api.index.MultipleIndexPopulator$IndexPopulation@13d1f898], concurrentUpdateQueue = 0}
2022-03-28 10:59:06.588+0000 INFO  [o.n.k.i.a.i.IndexPopulationJob] [system/00000000] Index creation finished for index [Index( id=2, name='index_f7700477', type='TOKEN LOOKUP', schema=-[:<any-types>]-, indexProvider='token-lookup-1.0' )].
2022-03-28 10:59:06.596+0000 INFO  [o.n.k.i.a.i.IndexPopulationJob] [system/00000000] TIME/PHASE Final: SCAN[totalTime=0ns], FLIP[totalTime=10ms]
2022-03-28 10:59:06.614+0000 INFO  [o.n.k.i.a.s.ConstraintIndexCreator] [system/00000000] Starting constraint creation: Constraint( name='constraint_375161cd', type='UNIQUENESS', schema=(:DatabaseName {name}) ).
2022-03-28 10:59:06.637+0000 INFO  [o.n.k.i.a.i.IndexPopulationJob] [system/00000000] Index population started: [Index( id=3, name='constraint_375161cd', type='UNIQUE BTREE', schema=(:DatabaseName {name}), indexProvider='native-btree-1.0' )]
2022-03-28 10:59:06.687+0000 INFO  [o.n.k.i.a.i.IndexPopulationJob] [system/00000000] Completed node store scan. Flushing all pending updates.
MultipleIndexPopulator{activeTasks=0, batchedUpdatesFromScan = [org.neo4j.kernel.impl.api.index.MultipleIndexPopulator$IndexPopulation@54bc3bcf], concurrentUpdateQueue = 0}
2022-03-28 10:59:06.698+0000 INFO  [o.n.k.i.a.i.IndexPopulationJob] [system/00000000] Index creation finished for index [Index( id=3, name='constraint_375161cd', type='UNIQUE BTREE', schema=(:DatabaseName {name}), indexProvider='native-btree-1.0' )].
2022-03-28 10:59:06.707+0000 INFO  [o.n.k.i.a.i.IndexPopulationJob] [system/00000000] TIME/PHASE Final: SCAN[totalTime=0ns], MERGE[totalTime=0ns], BUILD[totalTime=1ms], APPLY_EXTERNAL[totalTime=5ms], FLIP[totalTime=13ms]
2022-03-28 10:59:06.709+0000 INFO  [o.n.k.i.a.s.ConstraintIndexCreator] [system/00000000] Constraint Constraint( name='constraint_375161cd', type='UNIQUENESS', schema=(:DatabaseName {name}) ) populated, starting verification.
2022-03-28 10:59:06.710+0000 INFO  [o.n.k.i.a.s.ConstraintIndexCreator] [system/00000000] Constraint Constraint( name='constraint_375161cd', type='UNIQUENESS', schema=(:DatabaseName {name}) ) verified.
2022-03-28 10:59:06.714+0000 INFO  [o.n.k.i.a.s.ConstraintIndexCreator] [system/00000000] Starting constraint creation: Constraint( name='constraint_42eb0b7c', type='UNIQUENESS', schema=(:Database {name}) ).
2022-03-28 10:59:06.717+0000 INFO  [o.n.k.i.a.i.IndexPopulationJob] [system/00000000] Index population started: [Index( id=4, name='constraint_42eb0b7c', type='UNIQUE BTREE', schema=(:Database {name}), indexProvider='native-btree-1.0' )]
2022-03-28 10:59:06.742+0000 INFO  [o.n.k.i.a.i.IndexPopulationJob] [system/00000000] Completed node store scan. Flushing all pending updates.
MultipleIndexPopulator{activeTasks=0, batchedUpdatesFromScan = [org.neo4j.kernel.impl.api.index.MultipleIndexPopulator$IndexPopulation@5e360c3b], concurrentUpdateQueue = 0}
2022-03-28 10:59:06.749+0000 INFO  [o.n.k.i.a.i.IndexPopulationJob] [system/00000000] Index creation finished for index [Index( id=4, name='constraint_42eb0b7c', type='UNIQUE BTREE', schema=(:Database {name}), indexProvider='native-btree-1.0' )].
2022-03-28 10:59:06.757+0000 INFO  [o.n.k.i.a.i.IndexPopulationJob] [system/00000000] TIME/PHASE Final: SCAN[totalTime=0ns], MERGE[totalTime=0ns], BUILD[totalTime=0ns], APPLY_EXTERNAL[totalTime=4ms], FLIP[totalTime=11ms]
2022-03-28 10:59:06.764+0000 INFO  [o.n.k.i.a.s.ConstraintIndexCreator] [system/00000000] Constraint Constraint( name='constraint_42eb0b7c', type='UNIQUENESS', schema=(:Database {name}) ) populated, starting verification.
2022-03-28 10:59:06.765+0000 INFO  [o.n.k.i.a.s.ConstraintIndexCreator] [system/00000000] Constraint Constraint( name='constraint_42eb0b7c', type='UNIQUENESS', schema=(:Database {name}) ) verified.
2022-03-28 10:59:06.774+0000 INFO  [o.n.k.i.a.i.IndexingService] [system/00000000] Constraint Index( id=3, name='constraint_375161cd', type='UNIQUE BTREE', schema=(:Label[0] {PropertyKey[10]}), indexProvider='native-btree-1.0' ) is ONLINE.
2022-03-28 10:59:06.775+0000 INFO  [o.n.k.i.a.i.IndexingService] [system/00000000] Constraint Index( id=4, name='constraint_42eb0b7c', type='UNIQUE BTREE', schema=(:Label[1] {PropertyKey[10]}), indexProvider='native-btree-1.0' ) is ONLINE.
2022-03-28 10:59:06.866+0000 INFO  [o.n.k.i.a.s.ConstraintIndexCreator] [system/00000000] Starting constraint creation: Constraint( name='constraint_e31771aa', type='UNIQUENESS', schema=(:User {name}) ).
2022-03-28 10:59:06.870+0000 INFO  [o.n.k.i.a.i.IndexPopulationJob] [system/00000000] Index population started: [Index( id=7, name='constraint_e31771aa', type='UNIQUE BTREE', schema=(:User {name}), indexProvider='native-btree-1.0' )]
2022-03-28 10:59:06.892+0000 INFO  [o.n.k.i.a.i.IndexPopulationJob] [system/00000000] Completed node store scan. Flushing all pending updates.
MultipleIndexPopulator{activeTasks=0, batchedUpdatesFromScan = [org.neo4j.kernel.impl.api.index.MultipleIndexPopulator$IndexPopulation@6b4077e8], concurrentUpdateQueue = 0}
2022-03-28 10:59:06.901+0000 INFO  [o.n.k.i.a.i.IndexPopulationJob] [system/00000000] Index creation finished for index [Index( id=7, name='constraint_e31771aa', type='UNIQUE BTREE', schema=(:User {name}), indexProvider='native-btree-1.0' )].
2022-03-28 10:59:06.908+0000 INFO  [o.n.k.i.a.i.IndexPopulationJob] [system/00000000] TIME/PHASE Final: SCAN[totalTime=0ns], MERGE[totalTime=0ns], BUILD[totalTime=0ns], APPLY_EXTERNAL[totalTime=3ms], FLIP[totalTime=12ms]
2022-03-28 10:59:06.909+0000 INFO  [o.n.k.i.a.s.ConstraintIndexCreator] [system/00000000] Constraint Constraint( name='constraint_e31771aa', type='UNIQUENESS', schema=(:User {name}) ) populated, starting verification.
2022-03-28 10:59:06.910+0000 INFO  [o.n.k.i.a.s.ConstraintIndexCreator] [system/00000000] Constraint Constraint( name='constraint_e31771aa', type='UNIQUENESS', schema=(:User {name}) ) verified.
2022-03-28 10:59:06.914+0000 INFO  [o.n.k.i.a.i.IndexingService] [system/00000000] Constraint Index( id=7, name='constraint_e31771aa', type='UNIQUE BTREE', schema=(:Label[3] {PropertyKey[10]}), indexProvider='native-btree-1.0' ) is ONLINE.
2022-03-28 10:59:06.918+0000 INFO  [o.n.s.s.s.UserSecurityGraphComponent] Initializing system graph model for component 'security-users' with version -1 and status UNINITIALIZED
2022-03-28 10:59:06.933+0000 INFO  [o.n.s.s.s.UserSecurityGraphComponent] Setting up initial user from `auth.ini` file: neo4j
2022-03-28 10:59:06.935+0000 INFO  [o.n.s.s.s.UserSecurityGraphComponent] Creating new user 'neo4j' (passwordChangeRequired=false, suspended=false)
2022-03-28 10:59:06.947+0000 INFO  [o.n.s.s.s.UserSecurityGraphComponent] Setting version for 'security-users' to 3
2022-03-28 10:59:06.950+0000 INFO  [o.n.s.s.s.UserSecurityGraphComponent] After initialization of system graph model component 'security-users' have version 3 and status CURRENT
2022-03-28 10:59:06.953+0000 INFO  [o.n.s.s.s.UserSecurityGraphComponent] Performing postInitialization step for component 'security-users' with version 3 and status CURRENT
2022-03-28 10:59:06.958+0000 INFO  [o.n.d.d.DefaultDatabaseManager] Creating 'DatabaseId{ca9b5677[neo4j]}'.
2022-03-28 10:59:06.965+0000 INFO  [o.n.d.d.DefaultDatabaseManager] Starting 'DatabaseId{ca9b5677[neo4j]}'.
2022-03-28 10:59:06.968+0000 INFO  [o.n.k.i.s.f.RecordFormatSelector] [neo4j/ca9b5677] Selected format 'RecordFormat:PageAlignedV4_3[AF4.3.0]' for the new store /var/lib/neo4j/data/databases/neo4j
2022-03-28 10:59:07.211+0000 INFO  [o.n.i.d.DiagnosticsManager] [neo4j/ca9b5677] 
                                                                [neo4j/ca9b5677] ********************************************************************************
                                                                [neo4j/ca9b5677]                               [ Database: neo4j ]                               
                                                                [neo4j/ca9b5677] ********************************************************************************
                                                                [neo4j/ca9b5677] --------------------------------------------------------------------------------
                                                                [neo4j/ca9b5677]                                   [ Version ]                                   
                                                                [neo4j/ca9b5677] --------------------------------------------------------------------------------
                                                                [neo4j/ca9b5677] DBMS: community single StoreId{creationTime=1648465147165, randomId=1797669638564670259, storeVersion=3471768636287762695, upgradeTime=1648465147165, upgradeTxId=1}
                                                                [neo4j/ca9b5677] Kernel version: 4.4.5
                                                                [neo4j/ca9b5677] 
                                                                [neo4j/ca9b5677] --------------------------------------------------------------------------------
                                                                [neo4j/ca9b5677]                                 [ Store files ]                                 
                                                                [neo4j/ca9b5677] --------------------------------------------------------------------------------
                                                                [neo4j/ca9b5677] Disk space on partition (Total / Free / Free %): 994662584320 / 512204144640 / 51
                                                                [neo4j/ca9b5677] Storage files stored on file store: fuse.grpcfuse
                                                                [neo4j/ca9b5677] Storage files: (filename : modification date - size)
                                                                [neo4j/ca9b5677]   neostore: 2022-03-28T10:59:07Z - 8.000KiB
                                                                [neo4j/ca9b5677]   neostore.counts.db: 2022-03-28T10:59:07Z - 40.00KiB
                                                                [neo4j/ca9b5677]   neostore.labeltokenstore.db: 2022-03-28T10:59:07Z - 0B
                                                                [neo4j/ca9b5677]   neostore.labeltokenstore.db.id: 2022-03-28T10:59:07Z - 40.00KiB
                                                                [neo4j/ca9b5677]   neostore.labeltokenstore.db.names: 2022-03-28T10:59:07Z - 8.000KiB
                                                                [neo4j/ca9b5677]   neostore.labeltokenstore.db.names.id: 2022-03-28T10:59:07Z - 40.00KiB
                                                                [neo4j/ca9b5677]   neostore.nodestore.db: 2022-03-28T10:59:07Z - 0B
                                                                [neo4j/ca9b5677]   neostore.nodestore.db.id: 2022-03-28T10:59:07Z - 40.00KiB
                                                                [neo4j/ca9b5677]   neostore.nodestore.db.labels: 2022-03-28T10:59:07Z - 8.000KiB
                                                                [neo4j/ca9b5677]   neostore.nodestore.db.labels.id: 2022-03-28T10:59:06Z - 40.00KiB
                                                                [neo4j/ca9b5677]   neostore.propertystore.db: 2022-03-28T10:59:07Z - 0B
                                                                [neo4j/ca9b5677]   neostore.propertystore.db.arrays: 2022-03-28T10:59:07Z - 8.000KiB
                                                                [neo4j/ca9b5677]   neostore.propertystore.db.arrays.id: 2022-03-28T10:59:07Z - 40.00KiB
                                                                [neo4j/ca9b5677]   neostore.propertystore.db.id: 2022-03-28T10:59:07Z - 40.00KiB
                                                                [neo4j/ca9b5677]   neostore.propertystore.db.index: 2022-03-28T10:59:07Z - 0B
                                                                [neo4j/ca9b5677]   neostore.propertystore.db.index.id: 2022-03-28T10:59:07Z - 40.00KiB
                                                                [neo4j/ca9b5677]   neostore.propertystore.db.index.keys: 2022-03-28T10:59:07Z - 8.000KiB
                                                                [neo4j/ca9b5677]   neostore.propertystore.db.index.keys.id: 2022-03-28T10:59:07Z - 40.00KiB
                                                                [neo4j/ca9b5677]   neostore.propertystore.db.strings: 2022-03-28T10:59:07Z - 8.000KiB
                                                                [neo4j/ca9b5677]   neostore.propertystore.db.strings.id: 2022-03-28T10:59:07Z - 40.00KiB
                                                                [neo4j/ca9b5677]   neostore.relationshipgroupstore.db: 2022-03-28T10:59:07Z - 8.000KiB
                                                                [neo4j/ca9b5677]   neostore.relationshipgroupstore.db.id: 2022-03-28T10:59:07Z - 40.00KiB
                                                                [neo4j/ca9b5677]   neostore.relationshipgroupstore.degrees.db: 2022-03-28T10:59:07Z - 40.00KiB
                                                                [neo4j/ca9b5677]   neostore.relationshipstore.db: 2022-03-28T10:59:07Z - 0B
                                                                [neo4j/ca9b5677]   neostore.relationshipstore.db.id: 2022-03-28T10:59:07Z - 40.00KiB
                                                                [neo4j/ca9b5677]   neostore.relationshiptypestore.db: 2022-03-28T10:59:07Z - 0B
                                                                [neo4j/ca9b5677]   neostore.relationshiptypestore.db.id: 2022-03-28T10:59:07Z - 40.00KiB
                                                                [neo4j/ca9b5677]   neostore.relationshiptypestore.db.names: 2022-03-28T10:59:07Z - 8.000KiB
                                                                [neo4j/ca9b5677]   neostore.relationshiptypestore.db.names.id: 2022-03-28T10:59:07Z - 40.00KiB
                                                                [neo4j/ca9b5677]   neostore.schemastore.db: 2022-03-28T10:59:07Z - 8.000KiB
                                                                [neo4j/ca9b5677]   neostore.schemastore.db.id: 2022-03-28T10:59:07Z - 40.00KiB
                                                                [neo4j/ca9b5677] Storage summary: 
                                                                [neo4j/ca9b5677]   Total size of store: 712.0KiB
                                                                [neo4j/ca9b5677]   Total size of mapped files: 72.00KiB
                                                                [neo4j/ca9b5677] 
                                                                [neo4j/ca9b5677] --------------------------------------------------------------------------------
                                                                [neo4j/ca9b5677]                               [ Transaction log ]                               
                                                                [neo4j/ca9b5677] --------------------------------------------------------------------------------
                                                                [neo4j/ca9b5677] Transaction log files stored on file store: fuse.grpcfuse
                                                                [neo4j/ca9b5677] Transaction log files:
                                                                [neo4j/ca9b5677]  - existing transaction log versions -1--1
                                                                [neo4j/ca9b5677]  - no transactions found
                                                                [neo4j/ca9b5677] Checkpoint log files:
                                                                [neo4j/ca9b5677]  - existing checkpoint log versions -1--1
                                                                [neo4j/ca9b5677]  - no checkpoints found
                                                                [neo4j/ca9b5677] 
                                                                [neo4j/ca9b5677] --------------------------------------------------------------------------------
                                                                [neo4j/ca9b5677]                                   [ Id usage ]                                  
                                                                [neo4j/ca9b5677] --------------------------------------------------------------------------------
                                                                [neo4j/ca9b5677] ArrayPropertyStore[neostore.nodestore.db.labels]: used=1 high=0
                                                                [neo4j/ca9b5677] NodeStore[neostore.nodestore.db]: used=0 high=-1
                                                                [neo4j/ca9b5677] StringPropertyStore[neostore.propertystore.db.index.keys]: used=1 high=0
                                                                [neo4j/ca9b5677] PropertyIndexStore[neostore.propertystore.db.index]: used=0 high=-1
                                                                [neo4j/ca9b5677] StringPropertyStore[neostore.propertystore.db.strings]: used=1 high=0
                                                                [neo4j/ca9b5677] ArrayPropertyStore[neostore.propertystore.db.arrays]: used=1 high=0
                                                                [neo4j/ca9b5677] PropertyStore[neostore.propertystore.db]: used=0 high=-1
                                                                [neo4j/ca9b5677] RelationshipStore[neostore.relationshipstore.db]: used=0 high=-1
                                                                [neo4j/ca9b5677] StringPropertyStore[neostore.relationshiptypestore.db.names]: used=1 high=0
                                                                [neo4j/ca9b5677] RelationshipTypeStore[neostore.relationshiptypestore.db]: used=0 high=-1
                                                                [neo4j/ca9b5677] StringPropertyStore[neostore.labeltokenstore.db.names]: used=1 high=0
                                                                [neo4j/ca9b5677] LabelTokenStore[neostore.labeltokenstore.db]: used=0 high=-1
                                                                [neo4j/ca9b5677] SchemaStore[neostore.schemastore.db]: used=1 high=0
                                                                [neo4j/ca9b5677] RelationshipGroupStore[neostore.relationshipgroupstore.db]: used=1 high=0
                                                                [neo4j/ca9b5677] NeoStore[neostore]: used=-1 high=-1
                                                                [neo4j/ca9b5677] 
                                                                [neo4j/ca9b5677] --------------------------------------------------------------------------------
                                                                [neo4j/ca9b5677]                               [ Neostore records ]                              
                                                                [neo4j/ca9b5677] --------------------------------------------------------------------------------
                                                                [neo4j/ca9b5677] TIME (Creation time): 1648465147165
                                                                [neo4j/ca9b5677] RANDOM_NUMBER (Random number for store id): 1797669638564670259
                                                                [neo4j/ca9b5677] LOG_VERSION (Current log version): 0
                                                                [neo4j/ca9b5677] LAST_TRANSACTION_ID (Last committed transaction): 1
                                                                [neo4j/ca9b5677] STORE_VERSION (Store format version): 3471768636287762695 (AF4.3.0)
                                                                [neo4j/ca9b5677] FIRST_GRAPH_PROPERTY (First property record containing graph properties): -1
                                                                [neo4j/ca9b5677] LAST_CONSTRAINT_TRANSACTION (Last committed transaction containing constraint changes): 0
                                                                [neo4j/ca9b5677] UPGRADE_TRANSACTION_ID (Transaction id most recent upgrade was performed at): 1
                                                                [neo4j/ca9b5677] UPGRADE_TIME (Time of last upgrade): 1648465147165
                                                                [neo4j/ca9b5677] LAST_TRANSACTION_CHECKSUM (Checksum of last committed transaction): -559063315
                                                                [neo4j/ca9b5677] UPGRADE_TRANSACTION_CHECKSUM (Checksum of transaction id the most recent upgrade was performed at): -559063315
                                                                [neo4j/ca9b5677] LAST_CLOSED_TRANSACTION_LOG_VERSION (Log version where the last transaction commit entry has been written into): 0
                                                                [neo4j/ca9b5677] LAST_CLOSED_TRANSACTION_LOG_BYTE_OFFSET (Byte offset in the log file where the last transaction commit entry has been written into): 64
                                                                [neo4j/ca9b5677] LAST_TRANSACTION_COMMIT_TIMESTAMP (Commit time timestamp for last committed transaction): 0
                                                                [neo4j/ca9b5677] UPGRADE_TRANSACTION_COMMIT_TIMESTAMP (Commit timestamp of transaction the most recent upgrade was performed at): 0
                                                                [neo4j/ca9b5677] LAST_MISSING_STORE_FILES_RECOVERY_TIMESTAMP (Timestamp of last attempt to perform a recovery on the store with missing files.): -1
                                                                [neo4j/ca9b5677] EXTERNAL_STORE_UUID_MOST_SIGN_BITS (Database identifier exposed as external store identity. Generated on creation and never updated. Most significant bits.): -3926766085471580682
                                                                [neo4j/ca9b5677] EXTERNAL_STORE_UUID_LEAST_SIGN_BITS (Database identifier exposed as external store identity. Generated on creation and never updated. Least significant bits): -8793073035125940440
                                                                [neo4j/ca9b5677] CHECKPOINT_LOG_VERSION (Current checkpoint log version): 0
                                                                [neo4j/ca9b5677] KERNEL_VERSION (The kernel version (also transaction log version) that is currently being used when writing new transactions): 4
                                                                [neo4j/ca9b5677] DATABASE_ID_MOST_SIGN_BITS (The last used DatabaseId for this database. Most significant bits): -9223372036854775808
                                                                [neo4j/ca9b5677] DATABASE_ID_LEAST_SIGN_BITS (The last used DatabaseId for this database. Least significant bits): -9223372036854775808
                                                                [neo4j/ca9b5677] 
                                                                [neo4j/ca9b5677] --------------------------------------------------------------------------------
                                                                [neo4j/ca9b5677]                                [ Store versions ]                               
                                                                [neo4j/ca9b5677] --------------------------------------------------------------------------------
                                                                [neo4j/ca9b5677] ArrayPropertyStore[neostore.nodestore.db.labels] AF4.3.0
                                                                [neo4j/ca9b5677] NodeStore[neostore.nodestore.db] AF4.3.0
                                                                [neo4j/ca9b5677] StringPropertyStore[neostore.propertystore.db.index.keys] AF4.3.0
                                                                [neo4j/ca9b5677] PropertyIndexStore[neostore.propertystore.db.index] AF4.3.0
                                                                [neo4j/ca9b5677] StringPropertyStore[neostore.propertystore.db.strings] AF4.3.0
                                                                [neo4j/ca9b5677] ArrayPropertyStore[neostore.propertystore.db.arrays] AF4.3.0
                                                                [neo4j/ca9b5677] PropertyStore[neostore.propertystore.db] AF4.3.0
                                                                [neo4j/ca9b5677] RelationshipStore[neostore.relationshipstore.db] AF4.3.0
                                                                [neo4j/ca9b5677] StringPropertyStore[neostore.relationshiptypestore.db.names] AF4.3.0
                                                                [neo4j/ca9b5677] RelationshipTypeStore[neostore.relationshiptypestore.db] AF4.3.0
                                                                [neo4j/ca9b5677] StringPropertyStore[neostore.labeltokenstore.db.names] AF4.3.0
                                                                [neo4j/ca9b5677] LabelTokenStore[neostore.labeltokenstore.db] AF4.3.0
                                                                [neo4j/ca9b5677] SchemaStore[neostore.schemastore.db] AF4.3.0
                                                                [neo4j/ca9b5677] RelationshipGroupStore[neostore.relationshipgroupstore.db] AF4.3.0
                                                                [neo4j/ca9b5677] NeoStore[neostore] AF4.3.0
                                                                [neo4j/ca9b5677] 
2022-03-28 10:59:07.219+0000 INFO  [o.n.k.a.DatabaseAvailabilityGuard] [neo4j/ca9b5677] Requirement `Database unavailable` makes database neo4j unavailable.
2022-03-28 10:59:07.220+0000 INFO  [o.n.k.a.DatabaseAvailabilityGuard] [neo4j/ca9b5677] DatabaseId{ca9b5677[neo4j]} is unavailable.
2022-03-28 10:59:07.252+0000 WARN  [o.n.k.i.s.MetaDataStore] [neo4j/ca9b5677] Missing counts store, rebuilding it.
2022-03-28 10:59:07.253+0000 WARN  [o.n.k.i.s.MetaDataStore] [neo4j/ca9b5677] Counts store rebuild completed.
2022-03-28 10:59:07.261+0000 INFO  [o.n.k.d.Database] [neo4j/ca9b5677] Starting transaction log [/var/lib/neo4j/data/transactions/neo4j/neostore.transaction.db.0] at version=0
2022-03-28 10:59:07.268+0000 INFO  [o.n.k.d.Database] [neo4j/ca9b5677] Starting transaction log [/var/lib/neo4j/data/transactions/neo4j/checkpoint.0] at version=0
2022-03-28 10:59:07.269+0000 INFO  [o.n.k.a.DatabaseAvailabilityGuard] [neo4j/ca9b5677] Fulfilling of requirement 'Database unavailable' makes database neo4j available.
2022-03-28 10:59:07.270+0000 INFO  [o.n.k.a.DatabaseAvailabilityGuard] [neo4j/ca9b5677] DatabaseId{ca9b5677[neo4j]} is ready.
2022-03-28 10:59:07.271+0000 INFO  [o.n.m.DatabaseHealth] [neo4j/ca9b5677] Database health set to OK
2022-03-28 10:59:07.276+0000 INFO  [o.n.k.i.a.i.IndexPopulationJob] [neo4j/ca9b5677] Index population started: [Index( id=1, name='index_343aff4e', type='TOKEN LOOKUP', schema=(:<any-labels>), indexProvider='token-lookup-1.0' )]
2022-03-28 10:59:07.304+0000 INFO  [o.n.k.i.a.i.IndexPopulationJob] [neo4j/ca9b5677] Completed node store scan. Flushing all pending updates.
MultipleIndexPopulator{activeTasks=0, batchedUpdatesFromScan = [org.neo4j.kernel.impl.api.index.MultipleIndexPopulator$IndexPopulation@78b8f818], concurrentUpdateQueue = 0}
2022-03-28 10:59:07.308+0000 INFO  [o.n.k.i.a.i.IndexPopulationJob] [neo4j/ca9b5677] Index creation finished for index [Index( id=1, name='index_343aff4e', type='TOKEN LOOKUP', schema=(:<any-labels>), indexProvider='token-lookup-1.0' )].
2022-03-28 10:59:07.314+0000 INFO  [o.n.k.i.a.i.IndexPopulationJob] [neo4j/ca9b5677] TIME/PHASE Final: SCAN[totalTime=0ns], FLIP[totalTime=9ms]
2022-03-28 10:59:07.315+0000 INFO  [o.n.k.i.a.i.IndexPopulationJob] [neo4j/ca9b5677] Index population started: [Index( id=2, name='index_f7700477', type='TOKEN LOOKUP', schema=-[:<any-types>]-, indexProvider='token-lookup-1.0' )]
2022-03-28 10:59:07.345+0000 INFO  [o.n.k.i.a.i.IndexPopulationJob] [neo4j/ca9b5677] Completed relationship store scan. Flushing all pending updates.
MultipleIndexPopulator{activeTasks=0, batchedUpdatesFromScan = [org.neo4j.kernel.impl.api.index.MultipleIndexPopulator$IndexPopulation@1f70bce5], concurrentUpdateQueue = 0}
2022-03-28 10:59:07.349+0000 INFO  [o.n.k.i.a.i.IndexPopulationJob] [neo4j/ca9b5677] Index creation finished for index [Index( id=2, name='index_f7700477', type='TOKEN LOOKUP', schema=-[:<any-types>]-, indexProvider='token-lookup-1.0' )].
2022-03-28 10:59:07.356+0000 INFO  [o.n.k.i.a.i.IndexPopulationJob] [neo4j/ca9b5677] TIME/PHASE Final: SCAN[totalTime=0ns], FLIP[totalTime=9ms]
2022-03-28 10:59:07.650+0000 INFO  [o.n.b.BoltServer] Bolt enabled on 0.0.0.0:7687.
2022-03-28 10:59:07.657+0000 INFO  [o.n.s.AbstractNeoWebServer$ServerComponentsLifecycleAdapter] Starting web server
2022-03-28 10:59:08.133+0000 INFO  [o.n.s.CommunityNeoWebServer] Remote interface available at http://localhost:7474/
2022-03-28 10:59:08.134+0000 INFO  [o.n.s.AbstractNeoWebServer$ServerComponentsLifecycleAdapter] Web server started.
2022-03-28 10:59:08.137+0000 INFO  [o.n.g.f.DatabaseManagementServiceFactory] id: 1AD4D5E69A854611772BF9386919331037946D9DC3B26119B69623E5600AD0EF
2022-03-28 10:59:08.138+0000 INFO  [o.n.g.f.DatabaseManagementServiceFactory] name: system
2022-03-28 10:59:08.139+0000 INFO  [o.n.g.f.DatabaseManagementServiceFactory] creationDate: 2022-03-28T10:59:06.125Z
